<?xml version="1.0" encoding="UTF-8"?><testsuite failures="0" name="cucumber.runtime.formatter.JUnitFormatter" skipped="0" tests="3" time="55.503148">
<testcase classname="Order T-Shirt and Verify in Order History" name="Login with valid usernae and password" time="31.21406">
<system-out><![CDATA[Given user is already on Login Page.........................................passed
When title of login page is Login - My Store................................passed
Then user enters username and password......................................passed
Then user clicks on login button............................................passed
When title of home page is My account - My Store............................passed
Then print massege user logged in successfully..............................passed
]]></system-out>
</testcase>
<testcase classname="Order T-Shirt and Verify in Order History" name="Placing T-Shirt Order" time="21.231559">
<system-out><![CDATA[Given user should be on T-shirt page........................................passed
Then user should click on Add to cart.......................................passed
Then user should click on proced to checkout................................passed
Then user should click on proced to checkout on address tab.................passed
Then user should click on proceed to checkout on Shipping tab...............passed
Then user should select pay by bank wire....................................passed
Then print message order placed seccessfully................................passed
]]></system-out>
</testcase>
<testcase classname="Order T-Shirt and Verify in Order History" name="Verify order in order history" time="3.057529">
<system-out><![CDATA[Given extract order ref id from placed order................................passed
Then click on back to order button..........................................passed
Then extract first order item ref id from order history page................passed
Then compare both ref id both ref id should be same.........................passed
Then print message order found in history page..............................passed
]]></system-out>
</testcase>
</testsuite>
